-------------------------------------------------------------------------------
Test set: ru.mkstat.stat.LoginTest
-------------------------------------------------------------------------------
Tests run: 3, Failures: 2, Errors: 0, Skipped: 1, Time elapsed: 0.692 sec <<< FAILURE!
setUp(ru.mkstat.stat.LoginTest)  Time elapsed: 0 sec  <<< FAILURE!
java.lang.IllegalStateException: The path to the driver executable must be set by the webdriver.chrome.driver system property; for more information, see https://github.com/SeleniumHQ/selenium/wiki/ChromeDriver. The latest version can be downloaded from http://chromedriver.storage.googleapis.com/index.html
	at com.google.common.base.Preconditions.checkState(Preconditions.java:199)
	at org.openqa.selenium.remote.service.DriverService.findExecutable(DriverService.java:109)
	at org.openqa.selenium.chrome.ChromeDriverService.access$000(ChromeDriverService.java:32)
	at org.openqa.selenium.chrome.ChromeDriverService$Builder.findDefaultExecutable(ChromeDriverService.java:137)
	at org.openqa.selenium.remote.service.DriverService$Builder.build(DriverService.java:296)
	at org.openqa.selenium.chrome.ChromeDriverService.createDefaultService(ChromeDriverService.java:88)
	at org.openqa.selenium.chrome.ChromeDriver.<init>(ChromeDriver.java:116)
	at ru.mkstat.stat.LoginTest.setUp(LoginTest.java:27)
tearDown(ru.mkstat.stat.LoginTest)  Time elapsed: 0.001 sec  <<< FAILURE!
java.lang.NullPointerException
	at ru.mkstat.stat.LoginTest.tearDown(LoginTest.java:46)
