-------------------------------------------------------------------------------
Test set: ru.mkstat.stat.LoginTest
-------------------------------------------------------------------------------
Tests run: 3, Failures: 2, Errors: 0, Skipped: 1, Time elapsed: 1.752 sec <<< FAILURE!
setUp(ru.mkstat.stat.LoginTest)  Time elapsed: 0 sec  <<< FAILURE!
java.lang.IllegalStateException: The path to the driver executable must be set by the webdriver.gecko.driver system property; for more information, see https://github.com/mozilla/geckodriver. The latest version can be downloaded from https://github.com/mozilla/geckodriver/releases
	at com.google.common.base.Preconditions.checkState(Preconditions.java:738)
	at org.openqa.selenium.remote.service.DriverService.findExecutable(DriverService.java:124)
	at org.openqa.selenium.firefox.GeckoDriverService.access$100(GeckoDriverService.java:41)
	at org.openqa.selenium.firefox.GeckoDriverService$Builder.findDefaultExecutable(GeckoDriverService.java:115)
	at org.openqa.selenium.remote.service.DriverService$Builder.build(DriverService.java:330)
	at org.openqa.selenium.firefox.FirefoxDriver.toExecutor(FirefoxDriver.java:207)
	at org.openqa.selenium.firefox.FirefoxDriver.<init>(FirefoxDriver.java:108)
	at org.openqa.selenium.firefox.FirefoxDriver.<init>(FirefoxDriver.java:104)
	at ru.mkstat.stat.LoginTest.setUp(LoginTest.java:22)
tearDown(ru.mkstat.stat.LoginTest)  Time elapsed: 0.002 sec  <<< FAILURE!
java.lang.NullPointerException
	at ru.mkstat.stat.LoginTest.tearDown(LoginTest.java:41)
