<?xml version="1.0" encoding="UTF-8"?>
<testng-results skipped="0" failed="0" ignored="0" total="1" passed="1">
  <reporter-output>
  </reporter-output>
  <suite name="ru.mkstat.stat.LoginTest" duration-ms="9423" started-at="2017-07-05T12:14:11Z" finished-at="2017-07-05T12:14:20Z">
    <groups>
    </groups>
    <test name="Command line test" duration-ms="9423" started-at="2017-07-05T12:14:11Z" finished-at="2017-07-05T12:14:20Z">
      <class name="ru.mkstat.stat.LoginTest">
        <test-method status="PASS" signature="setUp()[pri:0, instance:ru.mkstat.stat.LoginTest@d041cf]" name="setUp" is-config="true" duration-ms="5132" started-at="2017-07-05T15:14:11Z" finished-at="2017-07-05T15:14:16Z">
          <reporter-output>
          </reporter-output>
        </test-method> <!-- setUp -->
        <test-method status="PASS" signature="testUntitled()[pri:0, instance:ru.mkstat.stat.LoginTest@d041cf]" name="testUntitled" duration-ms="3597" started-at="2017-07-05T15:14:16Z" finished-at="2017-07-05T15:14:20Z">
          <reporter-output>
          </reporter-output>
        </test-method> <!-- testUntitled -->
        <test-method status="PASS" signature="tearDown()[pri:0, instance:ru.mkstat.stat.LoginTest@d041cf]" name="tearDown" is-config="true" duration-ms="686" started-at="2017-07-05T15:14:20Z" finished-at="2017-07-05T15:14:20Z">
          <reporter-output>
          </reporter-output>
        </test-method> <!-- tearDown -->
      </class> <!-- ru.mkstat.stat.LoginTest -->
    </test> <!-- Command line test -->
  </suite> <!-- ru.mkstat.stat.LoginTest -->
</testng-results>
